<?xml version="1.0" encoding="UTF-8"?>
<testsuite xmlns:xsi="http://www.w3.org/2001/XMLSchema-instance" xsi:noNamespaceSchemaLocation="https://maven.apache.org/surefire/maven-surefire-plugin/xsd/surefire-test-report.xsd" version="3.0.2" name="org.apache.roller.weblogger.util.IPBanListTest" time="0.523" tests="6" errors="0" skipped="1" failures="0">
  <properties>
[...]
</properties>
  <testcase name="isBanned2" classname="org.apache.roller.weblogger.util.IPBanListTest" time="0.009"/>
  <testcase name="isBanned3" classname="org.apache.roller.weblogger.util.IPBanListTest" time="0.002"/>
  <testcase name="isBanned4" classname="org.apache.roller.weblogger.util.IPBanListTest" time="0.0">
    <skipped message="void org.apache.roller.weblogger.util.IPBanListTest.isBanned4() is @Disabled"/>
  </testcase>
  <testcase name="isBanned" classname="org.apache.roller.weblogger.util.IPBanListTest" time="0.503"/>
  <testcase name="addBannedIgnoresNulls" classname="org.apache.roller.weblogger.util.IPBanListTest" time="0.002"/>
  <testcase name="addBannedAddsToFile" classname="org.apache.roller.weblogger.util.IPBanListTest" time="0.001"/>
</testsuite>